app/build/intermediates/manifest_merge_blame_file/debug/manifest-merger-blame-debug-report.txt
1<?xml version="1.0" encoding="utf-8"?>
2<manifest xmlns:android="http://schemas.android.com/apk/res/android"
3    package="com.example.managestaff"
4    android:versionCode="1"
5    android:versionName="1.0" >
6
7    <uses-sdk
8        android:minSdkVersion="22"
8-->src\main\AndroidManifest.xml
9        android:targetSdkVersion="28" />
9-->src\main\AndroidManifest.xml
10
11    <uses-permission android:name="android.permission.INTERNET" />
11-->src\main\AndroidManifest.xml:31:5-67
11-->src\main\AndroidManifest.xml:31:22-64
12    <uses-permission android:name="android.permission.ACCESS_NETWORK_STATE" />
12-->[com.google.firebase:firebase-database:16.0.4] AndroidManifest.xml:22:5-79
12-->[com.google.firebase:firebase-database:16.0.4] AndroidManifest.xml:22:22-76
13
14    <application
14-->src\main\AndroidManifest.xml:5:5-29:19
15        android:allowBackup="true"
15-->src\main\AndroidManifest.xml:6:9-35
16        android:appComponentFactory="androidx.core.app.CoreComponentFactory"
16-->[androidx.core:core:1.1.0-alpha05] AndroidManifest.xml:22:18-86
17        android:debuggable="true"
18        android:icon="@mipmap/ic_launcher"
18-->src\main\AndroidManifest.xml:7:9-43
19        android:label="@string/app_name"
19-->src\main\AndroidManifest.xml:8:9-41
20        android:roundIcon="@mipmap/ic_launcher_round"
20-->src\main\AndroidManifest.xml:9:9-54
21        android:supportsRtl="true"
21-->src\main\AndroidManifest.xml:10:9-35
22        android:testOnly="true"
23        android:theme="@style/AppTheme" >
23-->src\main\AndroidManifest.xml:11:9-40
24        <activity
24-->src\main\AndroidManifest.xml:12:9-16:20
25            android:name="com.example.managestaff.DetailATeacher"
25-->src\main\AndroidManifest.xml:12:19-49
26            android:label="Chi tiết giáo viên"
26-->src\main\AndroidManifest.xml:13:13-47
27            android:parentActivityName="com.example.managestaff.MainActivity" >
27-->src\main\AndroidManifest.xml:14:13-55
28        </activity>
29        <activity
29-->src\main\AndroidManifest.xml:17:9-21:20
30            android:name="com.example.managestaff.AddTeacherActivity"
30-->src\main\AndroidManifest.xml:17:19-53
31            android:label="Thêm giáo viên"
31-->src\main\AndroidManifest.xml:18:13-43
32            android:parentActivityName="com.example.managestaff.MainActivity" >
32-->src\main\AndroidManifest.xml:19:13-55
33        </activity>
34        <activity android:name="com.example.managestaff.MainActivity" >
34-->src\main\AndroidManifest.xml:22:9-28:20
34-->src\main\AndroidManifest.xml:22:19-47
35            <intent-filter>
35-->src\main\AndroidManifest.xml:23:13-27:29
36                <action android:name="android.intent.action.MAIN" />
36-->src\main\AndroidManifest.xml:24:17-69
36-->src\main\AndroidManifest.xml:24:25-66
37
38                <category android:name="android.intent.category.LAUNCHER" />
38-->src\main\AndroidManifest.xml:26:17-77
38-->src\main\AndroidManifest.xml:26:27-74
39            </intent-filter>
40        </activity>
41        <activity
41-->[com.google.android.gms:play-services-base:16.0.1] AndroidManifest.xml:23:9-26:75
42            android:name="com.google.android.gms.common.api.GoogleApiActivity"
42-->[com.google.android.gms:play-services-base:16.0.1] AndroidManifest.xml:24:13-79
43            android:exported="false"
43-->[com.google.android.gms:play-services-base:16.0.1] AndroidManifest.xml:25:13-37
44            android:theme="@android:style/Theme.Translucent.NoTitleBar" />
44-->[com.google.android.gms:play-services-base:16.0.1] AndroidManifest.xml:26:13-72
45
46        <provider
46-->[com.google.firebase:firebase-common:16.0.3] AndroidManifest.xml:10:9-14:39
47            android:name="com.google.firebase.provider.FirebaseInitProvider"
47-->[com.google.firebase:firebase-common:16.0.3] AndroidManifest.xml:11:13-77
48            android:authorities="com.example.managestaff.firebaseinitprovider"
48-->[com.google.firebase:firebase-common:16.0.3] AndroidManifest.xml:12:13-72
49            android:exported="false"
49-->[com.google.firebase:firebase-common:16.0.3] AndroidManifest.xml:13:13-37
50            android:initOrder="100" />
50-->[com.google.firebase:firebase-common:16.0.3] AndroidManifest.xml:14:13-36
51
52        <meta-data
52-->[com.google.android.gms:play-services-basement:16.0.1] AndroidManifest.xml:23:9-25:69
53            android:name="com.google.android.gms.version"
53-->[com.google.android.gms:play-services-basement:16.0.1] AndroidManifest.xml:24:13-58
54            android:value="@integer/google_play_services_version" />
54-->[com.google.android.gms:play-services-basement:16.0.1] AndroidManifest.xml:25:13-66
55    </application>
56
57</manifest>